{"D:\\automation\\tests\\backend\\cal.js": {"path":"D:\\automation\\tests\\backend\\cal.js","statementMap":{"0":{"start":{"line":3,"column":17},"end":{"line":3,"column":63}},"1":{"start":{"line":6,"column":4},"end":{"line":6,"column":33}},"2":{"start":{"line":6,"column":24},"end":{"line":6,"column":33}},"3":{"start":{"line":9,"column":4},"end":{"line":9,"column":55}},"4":{"start":{"line":9,"column":46},"end":{"line":9,"column":55}},"5":{"start":{"line":12,"column":4},"end":{"line":22,"column":5}},"6":{"start":{"line":13,"column":8},"end":{"line":16,"column":9}},"7":{"start":{"line":14,"column":12},"end":{"line":14,"column":44}},"8":{"start":{"line":14,"column":34},"end":{"line":14,"column":44}},"9":{"start":{"line":15,"column":12},"end":{"line":15,"column":22}},"10":{"start":{"line":18,"column":8},"end":{"line":21,"column":9}},"11":{"start":{"line":19,"column":12},"end":{"line":19,"column":45}},"12":{"start":{"line":19,"column":35},"end":{"line":19,"column":45}},"13":{"start":{"line":20,"column":12},"end":{"line":20,"column":21}},"14":{"start":{"line":25,"column":4},"end":{"line":37,"column":5}},"15":{"start":{"line":26,"column":27},"end":{"line":26,"column":30}},"16":{"start":{"line":28,"column":8},"end":{"line":30,"column":9}},"17":{"start":{"line":29,"column":12},"end":{"line":29,"column":32}},"18":{"start":{"line":32,"column":8},"end":{"line":34,"column":9}},"19":{"start":{"line":33,"column":12},"end":{"line":33,"column":78}},"20":{"start":{"line":36,"column":8},"end":{"line":36,"column":28}},"21":{"start":{"line":39,"column":4},"end":{"line":41,"column":5}},"22":{"start":{"line":40,"column":8},"end":{"line":40,"column":22}},"23":{"start":{"line":42,"column":4},"end":{"line":44,"column":5}},"24":{"start":{"line":43,"column":8},"end":{"line":43,"column":22}},"25":{"start":{"line":45,"column":4},"end":{"line":47,"column":5}},"26":{"start":{"line":46,"column":8},"end":{"line":46,"column":23}},"27":{"start":{"line":49,"column":4},"end":{"line":49,"column":13}},"28":{"start":{"line":52,"column":0},"end":{"line":52,"column":43}}},"fnMap":{"0":{"name":"calculateShippingCost","decl":{"start":{"line":1,"column":9},"end":{"line":1,"column":30}},"loc":{"start":{"line":1,"column":69},"end":{"line":50,"column":1}},"line":1}},"branchMap":{"0":{"loc":{"start":{"line":3,"column":17},"end":{"line":3,"column":63}},"type":"cond-expr","locations":[{"start":{"line":3,"column":42},"end":{"line":3,"column":51}},{"start":{"line":3,"column":54},"end":{"line":3,"column":63}}],"line":3},"1":{"loc":{"start":{"line":6,"column":4},"end":{"line":6,"column":33}},"type":"if","locations":[{"start":{"line":6,"column":4},"end":{"line":6,"column":33}},{"start":{},"end":{}}],"line":6},"2":{"loc":{"start":{"line":9,"column":4},"end":{"line":9,"column":55}},"type":"if","locations":[{"start":{"line":9,"column":4},"end":{"line":9,"column":55}},{"start":{},"end":{}}],"line":9},"3":{"loc":{"start":{"line":9,"column":8},"end":{"line":9,"column":44}},"type":"binary-expr","locations":[{"start":{"line":9,"column":8},"end":{"line":9,"column":24}},{"start":{"line":9,"column":28},"end":{"line":9,"column":44}}],"line":9},"4":{"loc":{"start":{"line":12,"column":4},"end":{"line":22,"column":5}},"type":"if","locations":[{"start":{"line":12,"column":4},"end":{"line":22,"column":5}},{"start":{},"end":{}}],"line":12},"5":{"loc":{"start":{"line":13,"column":8},"end":{"line":16,"column":9}},"type":"if","locations":[{"start":{"line":13,"column":8},"end":{"line":16,"column":9}},{"start":{},"end":{}}],"line":13},"6":{"loc":{"start":{"line":14,"column":12},"end":{"line":14,"column":44}},"type":"if","locations":[{"start":{"line":14,"column":12},"end":{"line":14,"column":44}},{"start":{},"end":{}}],"line":14},"7":{"loc":{"start":{"line":18,"column":8},"end":{"line":21,"column":9}},"type":"if","locations":[{"start":{"line":18,"column":8},"end":{"line":21,"column":9}},{"start":{},"end":{}}],"line":18},"8":{"loc":{"start":{"line":19,"column":12},"end":{"line":19,"column":45}},"type":"if","locations":[{"start":{"line":19,"column":12},"end":{"line":19,"column":45}},{"start":{},"end":{}}],"line":19},"9":{"loc":{"start":{"line":25,"column":4},"end":{"line":37,"column":5}},"type":"if","locations":[{"start":{"line":25,"column":4},"end":{"line":37,"column":5}},{"start":{},"end":{}}],"line":25},"10":{"loc":{"start":{"line":28,"column":8},"end":{"line":30,"column":9}},"type":"if","locations":[{"start":{"line":28,"column":8},"end":{"line":30,"column":9}},{"start":{},"end":{}}],"line":28},"11":{"loc":{"start":{"line":32,"column":8},"end":{"line":34,"column":9}},"type":"if","locations":[{"start":{"line":32,"column":8},"end":{"line":34,"column":9}},{"start":{},"end":{}}],"line":32},"12":{"loc":{"start":{"line":39,"column":4},"end":{"line":41,"column":5}},"type":"if","locations":[{"start":{"line":39,"column":4},"end":{"line":41,"column":5}},{"start":{},"end":{}}],"line":39},"13":{"loc":{"start":{"line":42,"column":4},"end":{"line":44,"column":5}},"type":"if","locations":[{"start":{"line":42,"column":4},"end":{"line":44,"column":5}},{"start":{},"end":{}}],"line":42},"14":{"loc":{"start":{"line":45,"column":4},"end":{"line":47,"column":5}},"type":"if","locations":[{"start":{"line":45,"column":4},"end":{"line":47,"column":5}},{"start":{},"end":{}}],"line":45}},"s":{"0":12,"1":12,"2":1,"3":11,"4":1,"5":10,"6":7,"7":4,"8":2,"9":2,"10":3,"11":3,"12":2,"13":1,"14":3,"15":3,"16":3,"17":3,"18":3,"19":1,"20":3,"21":0,"22":0,"23":0,"24":0,"25":0,"26":0,"27":0,"28":1},"f":{"0":12},"b":{"0":[4,8],"1":[1,11],"2":[1,10],"3":[11,8],"4":[7,3],"5":[4,3],"6":[2,2],"7":[3,0],"8":[2,1],"9":[3,0],"10":[3,0],"11":[1,2],"12":[0,0],"13":[0,0],"14":[0,0]},"_coverageSchema":"1a1c01bbd47fc00a2c39e90264f33305004495a9","hash":"d7c113e500b7a31804bea772a46645c5f08a888b"}
,"D:\\automation\\tests\\backend\\emailvalidation.js": {"path":"D:\\automation\\tests\\backend\\emailvalidation.js","statementMap":{"0":{"start":{"line":2,"column":19},"end":{"line":2,"column":21}},"1":{"start":{"line":4,"column":4},"end":{"line":6,"column":5}},"2":{"start":{"line":5,"column":8},"end":{"line":5,"column":63}},"3":{"start":{"line":8,"column":4},"end":{"line":10,"column":5}},"4":{"start":{"line":9,"column":8},"end":{"line":9,"column":68}},"5":{"start":{"line":12,"column":25},"end":{"line":12,"column":51}},"6":{"start":{"line":14,"column":4},"end":{"line":16,"column":5}},"7":{"start":{"line":15,"column":8},"end":{"line":15,"column":45}},"8":{"start":{"line":18,"column":4},"end":{"line":20,"column":5}},"9":{"start":{"line":19,"column":8},"end":{"line":19,"column":62}},"10":{"start":{"line":22,"column":23},"end":{"line":22,"column":51}},"11":{"start":{"line":23,"column":4},"end":{"line":25,"column":5}},"12":{"start":{"line":24,"column":8},"end":{"line":24,"column":44}},"13":{"start":{"line":27,"column":27},"end":{"line":27,"column":77}},"14":{"start":{"line":28,"column":19},"end":{"line":28,"column":45}},"15":{"start":{"line":29,"column":4},"end":{"line":31,"column":5}},"16":{"start":{"line":30,"column":8},"end":{"line":30,"column":66}},"17":{"start":{"line":33,"column":4},"end":{"line":37,"column":6}},"18":{"start":{"line":41,"column":4},"end":{"line":43,"column":5}},"19":{"start":{"line":42,"column":8},"end":{"line":42,"column":20}},"20":{"start":{"line":45,"column":18},"end":{"line":45,"column":34}},"21":{"start":{"line":46,"column":4},"end":{"line":48,"column":5}},"22":{"start":{"line":47,"column":8},"end":{"line":47,"column":20}},"23":{"start":{"line":50,"column":4},"end":{"line":50,"column":34}},"24":{"start":{"line":53,"column":0},"end":{"line":53,"column":50}}},"fnMap":{"0":{"name":"validateEmail","decl":{"start":{"line":1,"column":9},"end":{"line":1,"column":22}},"loc":{"start":{"line":1,"column":30},"end":{"line":38,"column":1}},"line":1},"1":{"name":"extractDomain","decl":{"start":{"line":40,"column":9},"end":{"line":40,"column":22}},"loc":{"start":{"line":40,"column":30},"end":{"line":51,"column":1}},"line":40}},"branchMap":{"0":{"loc":{"start":{"line":4,"column":4},"end":{"line":6,"column":5}},"type":"if","locations":[{"start":{"line":4,"column":4},"end":{"line":6,"column":5}},{"start":{},"end":{}}],"line":4},"1":{"loc":{"start":{"line":8,"column":4},"end":{"line":10,"column":5}},"type":"if","locations":[{"start":{"line":8,"column":4},"end":{"line":10,"column":5}},{"start":{},"end":{}}],"line":8},"2":{"loc":{"start":{"line":14,"column":4},"end":{"line":16,"column":5}},"type":"if","locations":[{"start":{"line":14,"column":4},"end":{"line":16,"column":5}},{"start":{},"end":{}}],"line":14},"3":{"loc":{"start":{"line":18,"column":4},"end":{"line":20,"column":5}},"type":"if","locations":[{"start":{"line":18,"column":4},"end":{"line":20,"column":5}},{"start":{},"end":{}}],"line":18},"4":{"loc":{"start":{"line":23,"column":4},"end":{"line":25,"column":5}},"type":"if","locations":[{"start":{"line":23,"column":4},"end":{"line":25,"column":5}},{"start":{},"end":{}}],"line":23},"5":{"loc":{"start":{"line":29,"column":4},"end":{"line":31,"column":5}},"type":"if","locations":[{"start":{"line":29,"column":4},"end":{"line":31,"column":5}},{"start":{},"end":{}}],"line":29},"6":{"loc":{"start":{"line":41,"column":4},"end":{"line":43,"column":5}},"type":"if","locations":[{"start":{"line":41,"column":4},"end":{"line":43,"column":5}},{"start":{},"end":{}}],"line":41},"7":{"loc":{"start":{"line":41,"column":8},"end":{"line":41,"column":43}},"type":"binary-expr","locations":[{"start":{"line":41,"column":8},"end":{"line":41,"column":14}},{"start":{"line":41,"column":18},"end":{"line":41,"column":43}}],"line":41},"8":{"loc":{"start":{"line":46,"column":4},"end":{"line":48,"column":5}},"type":"if","locations":[{"start":{"line":46,"column":4},"end":{"line":48,"column":5}},{"start":{},"end":{}}],"line":46}},"s":{"0":14,"1":14,"2":3,"3":11,"4":1,"5":10,"6":10,"7":0,"8":10,"9":1,"10":10,"11":10,"12":3,"13":10,"14":10,"15":10,"16":3,"17":10,"18":5,"19":2,"20":3,"21":3,"22":2,"23":1,"24":1},"f":{"0":14,"1":5},"b":{"0":[3,11],"1":[1,10],"2":[0,10],"3":[1,9],"4":[3,7],"5":[3,7],"6":[2,3],"7":[5,3],"8":[2,1]},"_coverageSchema":"1a1c01bbd47fc00a2c39e90264f33305004495a9","hash":"de0b3a5040fbd828b30b9e1197588e4733a8b322"}
,"D:\\automation\\tests\\backend\\passwordvalidator.js": {"path":"D:\\automation\\tests\\backend\\passwordvalidator.js","statementMap":{"0":{"start":{"line":2,"column":19},"end":{"line":2,"column":21}},"1":{"start":{"line":4,"column":4},"end":{"line":7,"column":5}},"2":{"start":{"line":5,"column":8},"end":{"line":5,"column":44}},"3":{"start":{"line":6,"column":8},"end":{"line":6,"column":40}},"4":{"start":{"line":9,"column":4},"end":{"line":11,"column":5}},"5":{"start":{"line":10,"column":8},"end":{"line":10,"column":62}},"6":{"start":{"line":13,"column":4},"end":{"line":15,"column":5}},"7":{"start":{"line":14,"column":8},"end":{"line":14,"column":65}},"8":{"start":{"line":17,"column":4},"end":{"line":19,"column":5}},"9":{"start":{"line":18,"column":8},"end":{"line":18,"column":75}},"10":{"start":{"line":21,"column":4},"end":{"line":23,"column":5}},"11":{"start":{"line":22,"column":8},"end":{"line":22,"column":75}},"12":{"start":{"line":25,"column":4},"end":{"line":27,"column":5}},"13":{"start":{"line":26,"column":8},"end":{"line":26,"column":65}},"14":{"start":{"line":29,"column":4},"end":{"line":31,"column":5}},"15":{"start":{"line":30,"column":8},"end":{"line":30,"column":76}},"16":{"start":{"line":33,"column":4},"end":{"line":36,"column":6}},"17":{"start":{"line":40,"column":16},"end":{"line":40,"column":17}},"18":{"start":{"line":42,"column":4},"end":{"line":42,"column":57}},"19":{"start":{"line":42,"column":19},"end":{"line":42,"column":57}},"20":{"start":{"line":44,"column":4},"end":{"line":44,"column":41}},"21":{"start":{"line":44,"column":30},"end":{"line":44,"column":41}},"22":{"start":{"line":45,"column":4},"end":{"line":45,"column":42}},"23":{"start":{"line":45,"column":31},"end":{"line":45,"column":42}},"24":{"start":{"line":46,"column":4},"end":{"line":46,"column":42}},"25":{"start":{"line":46,"column":31},"end":{"line":46,"column":42}},"26":{"start":{"line":47,"column":4},"end":{"line":47,"column":43}},"27":{"start":{"line":47,"column":32},"end":{"line":47,"column":43}},"28":{"start":{"line":48,"column":4},"end":{"line":48,"column":43}},"29":{"start":{"line":48,"column":32},"end":{"line":48,"column":43}},"30":{"start":{"line":49,"column":4},"end":{"line":49,"column":43}},"31":{"start":{"line":49,"column":32},"end":{"line":49,"column":43}},"32":{"start":{"line":50,"column":4},"end":{"line":50,"column":60}},"33":{"start":{"line":50,"column":49},"end":{"line":50,"column":60}},"34":{"start":{"line":53,"column":4},"end":{"line":56,"column":34}},"35":{"start":{"line":53,"column":20},"end":{"line":53,"column":38}},"36":{"start":{"line":54,"column":9},"end":{"line":56,"column":34}},"37":{"start":{"line":54,"column":25},"end":{"line":54,"column":45}},"38":{"start":{"line":55,"column":9},"end":{"line":56,"column":34}},"39":{"start":{"line":55,"column":25},"end":{"line":55,"column":45}},"40":{"start":{"line":56,"column":9},"end":{"line":56,"column":34}},"41":{"start":{"line":58,"column":4},"end":{"line":58,"column":31}},"42":{"start":{"line":61,"column":0},"end":{"line":61,"column":61}}},"fnMap":{"0":{"name":"validatePassword","decl":{"start":{"line":1,"column":9},"end":{"line":1,"column":25}},"loc":{"start":{"line":1,"column":36},"end":{"line":37,"column":1}},"line":1},"1":{"name":"checkPasswordStrength","decl":{"start":{"line":39,"column":9},"end":{"line":39,"column":30}},"loc":{"start":{"line":39,"column":41},"end":{"line":59,"column":1}},"line":39}},"branchMap":{"0":{"loc":{"start":{"line":4,"column":4},"end":{"line":7,"column":5}},"type":"if","locations":[{"start":{"line":4,"column":4},"end":{"line":7,"column":5}},{"start":{},"end":{}}],"line":4},"1":{"loc":{"start":{"line":9,"column":4},"end":{"line":11,"column":5}},"type":"if","locations":[{"start":{"line":9,"column":4},"end":{"line":11,"column":5}},{"start":{},"end":{}}],"line":9},"2":{"loc":{"start":{"line":13,"column":4},"end":{"line":15,"column":5}},"type":"if","locations":[{"start":{"line":13,"column":4},"end":{"line":15,"column":5}},{"start":{},"end":{}}],"line":13},"3":{"loc":{"start":{"line":17,"column":4},"end":{"line":19,"column":5}},"type":"if","locations":[{"start":{"line":17,"column":4},"end":{"line":19,"column":5}},{"start":{},"end":{}}],"line":17},"4":{"loc":{"start":{"line":21,"column":4},"end":{"line":23,"column":5}},"type":"if","locations":[{"start":{"line":21,"column":4},"end":{"line":23,"column":5}},{"start":{},"end":{}}],"line":21},"5":{"loc":{"start":{"line":25,"column":4},"end":{"line":27,"column":5}},"type":"if","locations":[{"start":{"line":25,"column":4},"end":{"line":27,"column":5}},{"start":{},"end":{}}],"line":25},"6":{"loc":{"start":{"line":29,"column":4},"end":{"line":31,"column":5}},"type":"if","locations":[{"start":{"line":29,"column":4},"end":{"line":31,"column":5}},{"start":{},"end":{}}],"line":29},"7":{"loc":{"start":{"line":42,"column":4},"end":{"line":42,"column":57}},"type":"if","locations":[{"start":{"line":42,"column":4},"end":{"line":42,"column":57}},{"start":{},"end":{}}],"line":42},"8":{"loc":{"start":{"line":44,"column":4},"end":{"line":44,"column":41}},"type":"if","locations":[{"start":{"line":44,"column":4},"end":{"line":44,"column":41}},{"start":{},"end":{}}],"line":44},"9":{"loc":{"start":{"line":45,"column":4},"end":{"line":45,"column":42}},"type":"if","locations":[{"start":{"line":45,"column":4},"end":{"line":45,"column":42}},{"start":{},"end":{}}],"line":45},"10":{"loc":{"start":{"line":46,"column":4},"end":{"line":46,"column":42}},"type":"if","locations":[{"start":{"line":46,"column":4},"end":{"line":46,"column":42}},{"start":{},"end":{}}],"line":46},"11":{"loc":{"start":{"line":47,"column":4},"end":{"line":47,"column":43}},"type":"if","locations":[{"start":{"line":47,"column":4},"end":{"line":47,"column":43}},{"start":{},"end":{}}],"line":47},"12":{"loc":{"start":{"line":48,"column":4},"end":{"line":48,"column":43}},"type":"if","locations":[{"start":{"line":48,"column":4},"end":{"line":48,"column":43}},{"start":{},"end":{}}],"line":48},"13":{"loc":{"start":{"line":49,"column":4},"end":{"line":49,"column":43}},"type":"if","locations":[{"start":{"line":49,"column":4},"end":{"line":49,"column":43}},{"start":{},"end":{}}],"line":49},"14":{"loc":{"start":{"line":50,"column":4},"end":{"line":50,"column":60}},"type":"if","locations":[{"start":{"line":50,"column":4},"end":{"line":50,"column":60}},{"start":{},"end":{}}],"line":50},"15":{"loc":{"start":{"line":53,"column":4},"end":{"line":56,"column":34}},"type":"if","locations":[{"start":{"line":53,"column":4},"end":{"line":56,"column":34}},{"start":{"line":54,"column":9},"end":{"line":56,"column":34}}],"line":53},"16":{"loc":{"start":{"line":54,"column":9},"end":{"line":56,"column":34}},"type":"if","locations":[{"start":{"line":54,"column":9},"end":{"line":56,"column":34}},{"start":{"line":55,"column":9},"end":{"line":56,"column":34}}],"line":54},"17":{"loc":{"start":{"line":55,"column":9},"end":{"line":56,"column":34}},"type":"if","locations":[{"start":{"line":55,"column":9},"end":{"line":56,"column":34}},{"start":{"line":56,"column":9},"end":{"line":56,"column":34}}],"line":55}},"s":{"0":11,"1":11,"2":3,"3":3,"4":8,"5":3,"6":8,"7":1,"8":8,"9":3,"10":8,"11":2,"12":8,"13":2,"14":8,"15":4,"16":8,"17":5,"18":5,"19":1,"20":4,"21":3,"22":4,"23":2,"24":4,"25":1,"26":4,"27":3,"28":4,"29":4,"30":4,"31":2,"32":4,"33":2,"34":4,"35":1,"36":3,"37":1,"38":2,"39":1,"40":1,"41":4,"42":1},"f":{"0":11,"1":5},"b":{"0":[3,8],"1":[3,5],"2":[1,7],"3":[3,5],"4":[2,6],"5":[2,6],"6":[4,4],"7":[1,4],"8":[3,1],"9":[2,2],"10":[1,3],"11":[3,1],"12":[4,0],"13":[2,2],"14":[2,2],"15":[1,3],"16":[1,2],"17":[1,1]},"_coverageSchema":"1a1c01bbd47fc00a2c39e90264f33305004495a9","hash":"58783e18556113e84e31c68969858d24be6f64a5"}
,"D:\\automation\\tests\\backend\\ratelimiter.js": {"path":"D:\\automation\\tests\\backend\\ratelimiter.js","statementMap":{"0":{"start":{"line":2,"column":21},"end":{"line":2,"column":30}},"1":{"start":{"line":4,"column":4},"end":{"line":52,"column":6}},"2":{"start":{"line":6,"column":24},"end":{"line":6,"column":34}},"3":{"start":{"line":7,"column":27},"end":{"line":7,"column":44}},"4":{"start":{"line":9,"column":12},"end":{"line":11,"column":13}},"5":{"start":{"line":10,"column":16},"end":{"line":10,"column":69}},"6":{"start":{"line":14,"column":12},"end":{"line":17,"column":13}},"7":{"start":{"line":15,"column":16},"end":{"line":15,"column":37}},"8":{"start":{"line":16,"column":16},"end":{"line":16,"column":69}},"9":{"start":{"line":19,"column":12},"end":{"line":24,"column":13}},"10":{"start":{"line":20,"column":35},"end":{"line":22,"column":17}},"11":{"start":{"line":23,"column":16},"end":{"line":23,"column":68}},"12":{"start":{"line":26,"column":12},"end":{"line":26,"column":80}},"13":{"start":{"line":30,"column":24},"end":{"line":30,"column":34}},"14":{"start":{"line":31,"column":27},"end":{"line":31,"column":44}},"15":{"start":{"line":33,"column":12},"end":{"line":37,"column":13}},"16":{"start":{"line":34,"column":16},"end":{"line":34,"column":67}},"17":{"start":{"line":36,"column":16},"end":{"line":36,"column":34}},"18":{"start":{"line":41,"column":12},"end":{"line":41,"column":33}},"19":{"start":{"line":45,"column":12},"end":{"line":45,"column":29}},"20":{"start":{"line":49,"column":27},"end":{"line":49,"column":44}},"21":{"start":{"line":50,"column":12},"end":{"line":50,"column":45}},"22":{"start":{"line":55,"column":0},"end":{"line":55,"column":37}}},"fnMap":{"0":{"name":"makeRateLimiter","decl":{"start":{"line":1,"column":9},"end":{"line":1,"column":24}},"loc":{"start":{"line":1,"column":64},"end":{"line":53,"column":1}},"line":1},"1":{"name":"(anonymous_1)","decl":{"start":{"line":5,"column":8},"end":{"line":5,"column":9}},"loc":{"start":{"line":5,"column":19},"end":{"line":27,"column":9}},"line":5},"2":{"name":"(anonymous_2)","decl":{"start":{"line":29,"column":8},"end":{"line":29,"column":9}},"loc":{"start":{"line":29,"column":20},"end":{"line":38,"column":9}},"line":29},"3":{"name":"(anonymous_3)","decl":{"start":{"line":40,"column":8},"end":{"line":40,"column":9}},"loc":{"start":{"line":40,"column":19},"end":{"line":42,"column":9}},"line":40},"4":{"name":"(anonymous_4)","decl":{"start":{"line":44,"column":8},"end":{"line":44,"column":9}},"loc":{"start":{"line":44,"column":16},"end":{"line":46,"column":9}},"line":44},"5":{"name":"(anonymous_5)","decl":{"start":{"line":48,"column":8},"end":{"line":48,"column":9}},"loc":{"start":{"line":48,"column":25},"end":{"line":51,"column":9}},"line":48}},"branchMap":{"0":{"loc":{"start":{"line":1,"column":27},"end":{"line":1,"column":42}},"type":"default-arg","locations":[{"start":{"line":1,"column":41},"end":{"line":1,"column":42}}],"line":1},"1":{"loc":{"start":{"line":1,"column":44},"end":{"line":1,"column":60}},"type":"default-arg","locations":[{"start":{"line":1,"column":55},"end":{"line":1,"column":60}}],"line":1},"2":{"loc":{"start":{"line":9,"column":12},"end":{"line":11,"column":13}},"type":"if","locations":[{"start":{"line":9,"column":12},"end":{"line":11,"column":13}},{"start":{},"end":{}}],"line":9},"3":{"loc":{"start":{"line":14,"column":12},"end":{"line":17,"column":13}},"type":"if","locations":[{"start":{"line":14,"column":12},"end":{"line":17,"column":13}},{"start":{},"end":{}}],"line":14},"4":{"loc":{"start":{"line":19,"column":12},"end":{"line":24,"column":13}},"type":"if","locations":[{"start":{"line":19,"column":12},"end":{"line":24,"column":13}},{"start":{},"end":{}}],"line":19},"5":{"loc":{"start":{"line":33,"column":12},"end":{"line":37,"column":13}},"type":"if","locations":[{"start":{"line":33,"column":12},"end":{"line":37,"column":13}},{"start":{"line":35,"column":19},"end":{"line":37,"column":13}}],"line":33},"6":{"loc":{"start":{"line":33,"column":16},"end":{"line":33,"column":63}},"type":"binary-expr","locations":[{"start":{"line":33,"column":16},"end":{"line":33,"column":23}},{"start":{"line":33,"column":27},"end":{"line":33,"column":63}}],"line":33},"7":{"loc":{"start":{"line":50,"column":19},"end":{"line":50,"column":44}},"type":"cond-expr","locations":[{"start":{"line":50,"column":28},"end":{"line":50,"column":40}},{"start":{"line":50,"column":43},"end":{"line":50,"column":44}}],"line":50}},"s":{"0":7,"1":7,"2":6,"3":6,"4":6,"5":2,"6":4,"7":1,"8":1,"9":3,"10":2,"11":2,"12":1,"13":17,"14":17,"15":17,"16":9,"17":8,"18":1,"19":1,"20":5,"21":5,"22":1},"f":{"0":7,"1":6,"2":17,"3":1,"4":1,"5":5},"b":{"0":[0],"1":[0],"2":[2,4],"3":[1,3],"4":[2,1],"5":[9,8],"6":[17,8],"7":[1,4]},"_coverageSchema":"1a1c01bbd47fc00a2c39e90264f33305004495a9","hash":"e4ce4d374dd9749e491a75cd2e853751e4fb4634"}
,"D:\\automation\\tests\\backend\\sessionservice.js": {"path":"D:\\automation\\tests\\backend\\sessionservice.js","statementMap":{"0":{"start":{"line":2,"column":4},"end":{"line":77,"column":6}},"1":{"start":{"line":4,"column":12},"end":{"line":6,"column":13}},"2":{"start":{"line":5,"column":16},"end":{"line":5,"column":54}},"3":{"start":{"line":8,"column":30},"end":{"line":8,"column":89}},"4":{"start":{"line":9,"column":30},"end":{"line":9,"column":76}},"5":{"start":{"line":11,"column":28},"end":{"line":19,"column":14}},"6":{"start":{"line":21,"column":12},"end":{"line":21,"column":27}},"7":{"start":{"line":25,"column":12},"end":{"line":27,"column":13}},"8":{"start":{"line":26,"column":16},"end":{"line":26,"column":28}},"9":{"start":{"line":29,"column":28},"end":{"line":29,"column":65}},"10":{"start":{"line":31,"column":12},"end":{"line":33,"column":13}},"11":{"start":{"line":32,"column":16},"end":{"line":32,"column":28}},"12":{"start":{"line":35,"column":12},"end":{"line":37,"column":13}},"13":{"start":{"line":36,"column":16},"end":{"line":36,"column":28}},"14":{"start":{"line":39,"column":12},"end":{"line":39,"column":27}},"15":{"start":{"line":43,"column":12},"end":{"line":45,"column":13}},"16":{"start":{"line":44,"column":16},"end":{"line":44,"column":57}},"17":{"start":{"line":47,"column":12},"end":{"line":47,"column":69}},"18":{"start":{"line":48,"column":12},"end":{"line":48,"column":37}},"19":{"start":{"line":52,"column":12},"end":{"line":54,"column":13}},"20":{"start":{"line":53,"column":16},"end":{"line":53,"column":54}},"21":{"start":{"line":56,"column":29},"end":{"line":56,"column":67}},"22":{"start":{"line":58,"column":12},"end":{"line":60,"column":13}},"23":{"start":{"line":59,"column":16},"end":{"line":59,"column":74}},"24":{"start":{"line":62,"column":12},"end":{"line":62,"column":46}},"25":{"start":{"line":66,"column":12},"end":{"line":68,"column":13}},"26":{"start":{"line":67,"column":16},"end":{"line":67,"column":54}},"27":{"start":{"line":70,"column":29},"end":{"line":70,"column":67}},"28":{"start":{"line":71,"column":24},"end":{"line":71,"column":34}},"29":{"start":{"line":73,"column":12},"end":{"line":75,"column":14}},"30":{"start":{"line":74,"column":29},"end":{"line":74,"column":72}},"31":{"start":{"line":80,"column":0},"end":{"line":80,"column":40}}},"fnMap":{"0":{"name":"makeSessionService","decl":{"start":{"line":1,"column":9},"end":{"line":1,"column":27}},"loc":{"start":{"line":1,"column":45},"end":{"line":78,"column":1}},"line":1},"1":{"name":"(anonymous_1)","decl":{"start":{"line":3,"column":8},"end":{"line":3,"column":9}},"loc":{"start":{"line":3,"column":62},"end":{"line":22,"column":9}},"line":3},"2":{"name":"(anonymous_2)","decl":{"start":{"line":24,"column":8},"end":{"line":24,"column":9}},"loc":{"start":{"line":24,"column":36},"end":{"line":40,"column":9}},"line":24},"3":{"name":"(anonymous_3)","decl":{"start":{"line":42,"column":8},"end":{"line":42,"column":9}},"loc":{"start":{"line":42,"column":43},"end":{"line":49,"column":9}},"line":42},"4":{"name":"(anonymous_4)","decl":{"start":{"line":51,"column":8},"end":{"line":51,"column":9}},"loc":{"start":{"line":51,"column":48},"end":{"line":63,"column":9}},"line":51},"5":{"name":"(anonymous_5)","decl":{"start":{"line":65,"column":8},"end":{"line":65,"column":9}},"loc":{"start":{"line":65,"column":40},"end":{"line":76,"column":9}},"line":65},"6":{"name":"(anonymous_6)","decl":{"start":{"line":74,"column":16},"end":{"line":74,"column":17}},"loc":{"start":{"line":74,"column":29},"end":{"line":74,"column":72}},"line":74}},"branchMap":{"0":{"loc":{"start":{"line":4,"column":12},"end":{"line":6,"column":13}},"type":"if","locations":[{"start":{"line":4,"column":12},"end":{"line":6,"column":13}},{"start":{},"end":{}}],"line":4},"1":{"loc":{"start":{"line":14,"column":27},"end":{"line":14,"column":49}},"type":"binary-expr","locations":[{"start":{"line":14,"column":27},"end":{"line":14,"column":36}},{"start":{"line":14,"column":40},"end":{"line":14,"column":49}}],"line":14},"2":{"loc":{"start":{"line":15,"column":27},"end":{"line":15,"column":49}},"type":"binary-expr","locations":[{"start":{"line":15,"column":27},"end":{"line":15,"column":36}},{"start":{"line":15,"column":40},"end":{"line":15,"column":49}}],"line":15},"3":{"loc":{"start":{"line":25,"column":12},"end":{"line":27,"column":13}},"type":"if","locations":[{"start":{"line":25,"column":12},"end":{"line":27,"column":13}},{"start":{},"end":{}}],"line":25},"4":{"loc":{"start":{"line":31,"column":12},"end":{"line":33,"column":13}},"type":"if","locations":[{"start":{"line":31,"column":12},"end":{"line":33,"column":13}},{"start":{},"end":{}}],"line":31},"5":{"loc":{"start":{"line":35,"column":12},"end":{"line":37,"column":13}},"type":"if","locations":[{"start":{"line":35,"column":12},"end":{"line":37,"column":13}},{"start":{},"end":{}}],"line":35},"6":{"loc":{"start":{"line":35,"column":16},"end":{"line":35,"column":67}},"type":"binary-expr","locations":[{"start":{"line":35,"column":16},"end":{"line":35,"column":33}},{"start":{"line":35,"column":37},"end":{"line":35,"column":67}}],"line":35},"7":{"loc":{"start":{"line":43,"column":12},"end":{"line":45,"column":13}},"type":"if","locations":[{"start":{"line":43,"column":12},"end":{"line":45,"column":13}},{"start":{},"end":{}}],"line":43},"8":{"loc":{"start":{"line":52,"column":12},"end":{"line":54,"column":13}},"type":"if","locations":[{"start":{"line":52,"column":12},"end":{"line":54,"column":13}},{"start":{},"end":{}}],"line":52},"9":{"loc":{"start":{"line":66,"column":12},"end":{"line":68,"column":13}},"type":"if","locations":[{"start":{"line":66,"column":12},"end":{"line":68,"column":13}},{"start":{},"end":{}}],"line":66},"10":{"loc":{"start":{"line":74,"column":29},"end":{"line":74,"column":72}},"type":"binary-expr","locations":[{"start":{"line":74,"column":29},"end":{"line":74,"column":45}},{"start":{"line":74,"column":49},"end":{"line":74,"column":72}}],"line":74}},"s":{"0":11,"1":3,"2":1,"3":2,"4":2,"5":2,"6":2,"7":5,"8":1,"9":4,"10":4,"11":1,"12":3,"13":2,"14":1,"15":2,"16":1,"17":1,"18":1,"19":0,"20":0,"21":0,"22":0,"23":0,"24":0,"25":0,"26":0,"27":0,"28":0,"29":0,"30":0,"31":1},"f":{"0":11,"1":3,"2":5,"3":2,"4":0,"5":0,"6":0},"b":{"0":[1,2],"1":[2,1],"2":[2,1],"3":[1,4],"4":[1,3],"5":[2,1],"6":[3,2],"7":[1,1],"8":[0,0],"9":[0,0],"10":[0,0]},"_coverageSchema":"1a1c01bbd47fc00a2c39e90264f33305004495a9","hash":"642cce4fa2e8ff7ffdfb4dd1b7b04a48c7d30572"}
,"D:\\automation\\tests\\backend\\tokenservice.js": {"path":"D:\\automation\\tests\\backend\\tokenservice.js","statementMap":{"0":{"start":{"line":1,"column":12},"end":{"line":1,"column":35}},"1":{"start":{"line":2,"column":15},"end":{"line":2,"column":32}},"2":{"start":{"line":5,"column":4},"end":{"line":64,"column":6}},"3":{"start":{"line":7,"column":12},"end":{"line":9,"column":13}},"4":{"start":{"line":8,"column":16},"end":{"line":8,"column":65}},"5":{"start":{"line":11,"column":12},"end":{"line":12,"column":45}},"6":{"start":{"line":16,"column":12},"end":{"line":16,"column":58}},"7":{"start":{"line":20,"column":12},"end":{"line":24,"column":13}},"8":{"start":{"line":21,"column":28},"end":{"line":21,"column":58}},"9":{"start":{"line":22,"column":16},"end":{"line":22,"column":44}},"10":{"start":{"line":23,"column":16},"end":{"line":23,"column":26}},"11":{"start":{"line":26,"column":12},"end":{"line":37,"column":13}},"12":{"start":{"line":27,"column":32},"end":{"line":27,"column":60}},"13":{"start":{"line":28,"column":16},"end":{"line":28,"column":57}},"14":{"start":{"line":30,"column":16},"end":{"line":32,"column":17}},"15":{"start":{"line":31,"column":20},"end":{"line":31,"column":68}},"16":{"start":{"line":33,"column":16},"end":{"line":35,"column":17}},"17":{"start":{"line":34,"column":20},"end":{"line":34,"column":68}},"18":{"start":{"line":36,"column":16},"end":{"line":36,"column":62}},"19":{"start":{"line":41,"column":12},"end":{"line":41,"column":36}},"20":{"start":{"line":41,"column":24},"end":{"line":41,"column":36}},"21":{"start":{"line":43,"column":12},"end":{"line":48,"column":13}},"22":{"start":{"line":45,"column":16},"end":{"line":45,"column":41}},"23":{"start":{"line":47,"column":16},"end":{"line":47,"column":28}},"24":{"start":{"line":52,"column":28},"end":{"line":52,"column":51}},"25":{"start":{"line":53,"column":12},"end":{"line":53,"column":54}},"26":{"start":{"line":53,"column":42},"end":{"line":53,"column":54}},"27":{"start":{"line":55,"column":12},"end":{"line":55,"column":48}},"28":{"start":{"line":59,"column":27},"end":{"line":59,"column":53}},"29":{"start":{"line":60,"column":12},"end":{"line":60,"column":37}},"30":{"start":{"line":60,"column":25},"end":{"line":60,"column":37}},"31":{"start":{"line":62,"column":12},"end":{"line":62,"column":39}},"32":{"start":{"line":67,"column":0},"end":{"line":67,"column":38}}},"fnMap":{"0":{"name":"makeTokenService","decl":{"start":{"line":4,"column":9},"end":{"line":4,"column":25}},"loc":{"start":{"line":4,"column":62},"end":{"line":65,"column":1}},"line":4},"1":{"name":"(anonymous_1)","decl":{"start":{"line":6,"column":8},"end":{"line":6,"column":9}},"loc":{"start":{"line":6,"column":37},"end":{"line":13,"column":9}},"line":6},"2":{"name":"(anonymous_2)","decl":{"start":{"line":15,"column":8},"end":{"line":15,"column":9}},"loc":{"start":{"line":15,"column":31},"end":{"line":17,"column":9}},"line":15},"3":{"name":"(anonymous_3)","decl":{"start":{"line":19,"column":8},"end":{"line":19,"column":9}},"loc":{"start":{"line":19,"column":33},"end":{"line":38,"column":9}},"line":19},"4":{"name":"(anonymous_4)","decl":{"start":{"line":40,"column":8},"end":{"line":40,"column":9}},"loc":{"start":{"line":40,"column":27},"end":{"line":49,"column":9}},"line":40},"5":{"name":"(anonymous_5)","decl":{"start":{"line":51,"column":8},"end":{"line":51,"column":9}},"loc":{"start":{"line":51,"column":30},"end":{"line":56,"column":9}},"line":51},"6":{"name":"(anonymous_6)","decl":{"start":{"line":58,"column":8},"end":{"line":58,"column":9}},"loc":{"start":{"line":58,"column":30},"end":{"line":63,"column":9}},"line":58}},"branchMap":{"0":{"loc":{"start":{"line":4,"column":39},"end":{"line":4,"column":58}},"type":"default-arg","locations":[{"start":{"line":4,"column":54},"end":{"line":4,"column":58}}],"line":4},"1":{"loc":{"start":{"line":7,"column":12},"end":{"line":9,"column":13}},"type":"if","locations":[{"start":{"line":7,"column":12},"end":{"line":9,"column":13}},{"start":{},"end":{}}],"line":7},"2":{"loc":{"start":{"line":7,"column":16},"end":{"line":7,"column":43}},"type":"binary-expr","locations":[{"start":{"line":7,"column":16},"end":{"line":7,"column":24}},{"start":{"line":7,"column":28},"end":{"line":7,"column":43}}],"line":7},"3":{"loc":{"start":{"line":20,"column":12},"end":{"line":24,"column":13}},"type":"if","locations":[{"start":{"line":20,"column":12},"end":{"line":24,"column":13}},{"start":{},"end":{}}],"line":20},"4":{"loc":{"start":{"line":30,"column":16},"end":{"line":32,"column":17}},"type":"if","locations":[{"start":{"line":30,"column":16},"end":{"line":32,"column":17}},{"start":{},"end":{}}],"line":30},"5":{"loc":{"start":{"line":33,"column":16},"end":{"line":35,"column":17}},"type":"if","locations":[{"start":{"line":33,"column":16},"end":{"line":35,"column":17}},{"start":{},"end":{}}],"line":33},"6":{"loc":{"start":{"line":41,"column":12},"end":{"line":41,"column":36}},"type":"if","locations":[{"start":{"line":41,"column":12},"end":{"line":41,"column":36}},{"start":{},"end":{}}],"line":41},"7":{"loc":{"start":{"line":53,"column":12},"end":{"line":53,"column":54}},"type":"if","locations":[{"start":{"line":53,"column":12},"end":{"line":53,"column":54}},{"start":{},"end":{}}],"line":53},"8":{"loc":{"start":{"line":53,"column":16},"end":{"line":53,"column":40}},"type":"binary-expr","locations":[{"start":{"line":53,"column":16},"end":{"line":53,"column":24}},{"start":{"line":53,"column":28},"end":{"line":53,"column":40}}],"line":53},"9":{"loc":{"start":{"line":60,"column":12},"end":{"line":60,"column":37}},"type":"if","locations":[{"start":{"line":60,"column":12},"end":{"line":60,"column":37}},{"start":{},"end":{}}],"line":60}},"s":{"0":1,"1":1,"2":13,"3":2,"4":0,"5":2,"6":1,"7":5,"8":1,"9":1,"10":1,"11":4,"12":4,"13":1,"14":3,"15":1,"16":2,"17":1,"18":1,"19":5,"20":1,"21":4,"22":4,"23":1,"24":2,"25":2,"26":0,"27":2,"28":2,"29":2,"30":0,"31":2,"32":1},"f":{"0":13,"1":2,"2":1,"3":5,"4":5,"5":2,"6":2},"b":{"0":[0],"1":[0,2],"2":[2,2],"3":[1,4],"4":[1,2],"5":[1,1],"6":[1,4],"7":[0,2],"8":[2,2],"9":[0,2]},"_coverageSchema":"1a1c01bbd47fc00a2c39e90264f33305004495a9","hash":"c57210518b293667e6ca5c210fb751bd83ecc992"}
,"D:\\automation\\tests\\backend\\userservice.js": {"path":"D:\\automation\\tests\\backend\\userservice.js","statementMap":{"0":{"start":{"line":2,"column":4},"end":{"line":116,"column":6}},"1":{"start":{"line":4,"column":12},"end":{"line":8,"column":13}},"2":{"start":{"line":5,"column":28},"end":{"line":5,"column":68}},"3":{"start":{"line":6,"column":16},"end":{"line":6,"column":33}},"4":{"start":{"line":7,"column":16},"end":{"line":7,"column":26}},"5":{"start":{"line":10,"column":29},"end":{"line":10,"column":62}},"6":{"start":{"line":11,"column":12},"end":{"line":15,"column":13}},"7":{"start":{"line":12,"column":28},"end":{"line":12,"column":60}},"8":{"start":{"line":13,"column":16},"end":{"line":13,"column":33}},"9":{"start":{"line":14,"column":16},"end":{"line":14,"column":26}},"10":{"start":{"line":17,"column":25},"end":{"line":22,"column":14}},"11":{"start":{"line":24,"column":12},"end":{"line":24,"column":24}},"12":{"start":{"line":28,"column":12},"end":{"line":32,"column":13}},"13":{"start":{"line":29,"column":28},"end":{"line":29,"column":60}},"14":{"start":{"line":30,"column":16},"end":{"line":30,"column":33}},"15":{"start":{"line":31,"column":16},"end":{"line":31,"column":26}},"16":{"start":{"line":34,"column":25},"end":{"line":34,"column":52}},"17":{"start":{"line":35,"column":12},"end":{"line":39,"column":13}},"18":{"start":{"line":36,"column":28},"end":{"line":36,"column":55}},"19":{"start":{"line":37,"column":16},"end":{"line":37,"column":33}},"20":{"start":{"line":38,"column":16},"end":{"line":38,"column":26}},"21":{"start":{"line":41,"column":12},"end":{"line":41,"column":24}},"22":{"start":{"line":45,"column":12},"end":{"line":49,"column":13}},"23":{"start":{"line":46,"column":28},"end":{"line":46,"column":60}},"24":{"start":{"line":47,"column":16},"end":{"line":47,"column":33}},"25":{"start":{"line":48,"column":16},"end":{"line":48,"column":26}},"26":{"start":{"line":51,"column":34},"end":{"line":51,"column":59}},"27":{"start":{"line":52,"column":36},"end":{"line":52,"column":38}},"28":{"start":{"line":54,"column":12},"end":{"line":58,"column":13}},"29":{"start":{"line":55,"column":16},"end":{"line":57,"column":17}},"30":{"start":{"line":56,"column":20},"end":{"line":56,"column":56}},"31":{"start":{"line":60,"column":12},"end":{"line":64,"column":13}},"32":{"start":{"line":61,"column":28},"end":{"line":61,"column":66}},"33":{"start":{"line":62,"column":16},"end":{"line":62,"column":33}},"34":{"start":{"line":63,"column":16},"end":{"line":63,"column":26}},"35":{"start":{"line":66,"column":25},"end":{"line":66,"column":52}},"36":{"start":{"line":67,"column":12},"end":{"line":71,"column":13}},"37":{"start":{"line":68,"column":28},"end":{"line":68,"column":55}},"38":{"start":{"line":69,"column":16},"end":{"line":69,"column":33}},"39":{"start":{"line":70,"column":16},"end":{"line":70,"column":26}},"40":{"start":{"line":73,"column":32},"end":{"line":73,"column":74}},"41":{"start":{"line":74,"column":12},"end":{"line":74,"column":31}},"42":{"start":{"line":78,"column":12},"end":{"line":82,"column":13}},"43":{"start":{"line":79,"column":28},"end":{"line":79,"column":60}},"44":{"start":{"line":80,"column":16},"end":{"line":80,"column":33}},"45":{"start":{"line":81,"column":16},"end":{"line":81,"column":26}},"46":{"start":{"line":84,"column":25},"end":{"line":84,"column":52}},"47":{"start":{"line":85,"column":12},"end":{"line":89,"column":13}},"48":{"start":{"line":86,"column":28},"end":{"line":86,"column":55}},"49":{"start":{"line":87,"column":16},"end":{"line":87,"column":33}},"50":{"start":{"line":88,"column":16},"end":{"line":88,"column":26}},"51":{"start":{"line":91,"column":12},"end":{"line":91,"column":38}},"52":{"start":{"line":92,"column":12},"end":{"line":92,"column":62}},"53":{"start":{"line":96,"column":27},"end":{"line":96,"column":45}},"54":{"start":{"line":98,"column":28},"end":{"line":98,"column":30}},"55":{"start":{"line":99,"column":12},"end":{"line":101,"column":13}},"56":{"start":{"line":100,"column":16},"end":{"line":100,"column":36}},"57":{"start":{"line":103,"column":26},"end":{"line":103,"column":76}},"58":{"start":{"line":104,"column":26},"end":{"line":104,"column":55}},"59":{"start":{"line":106,"column":12},"end":{"line":114,"column":14}},"60":{"start":{"line":119,"column":0},"end":{"line":119,"column":37}}},"fnMap":{"0":{"name":"makeUserService","decl":{"start":{"line":1,"column":9},"end":{"line":1,"column":24}},"loc":{"start":{"line":1,"column":39},"end":{"line":117,"column":1}},"line":1},"1":{"name":"(anonymous_1)","decl":{"start":{"line":3,"column":8},"end":{"line":3,"column":9}},"loc":{"start":{"line":3,"column":57},"end":{"line":25,"column":9}},"line":3},"2":{"name":"(anonymous_2)","decl":{"start":{"line":27,"column":8},"end":{"line":27,"column":9}},"loc":{"start":{"line":27,"column":30},"end":{"line":42,"column":9}},"line":27},"3":{"name":"(anonymous_3)","decl":{"start":{"line":44,"column":8},"end":{"line":44,"column":9}},"loc":{"start":{"line":44,"column":38},"end":{"line":75,"column":9}},"line":44},"4":{"name":"(anonymous_4)","decl":{"start":{"line":77,"column":8},"end":{"line":77,"column":9}},"loc":{"start":{"line":77,"column":29},"end":{"line":93,"column":9}},"line":77},"5":{"name":"(anonymous_5)","decl":{"start":{"line":95,"column":8},"end":{"line":95,"column":9}},"loc":{"start":{"line":95,"column":61},"end":{"line":115,"column":9}},"line":95}},"branchMap":{"0":{"loc":{"start":{"line":3,"column":40},"end":{"line":3,"column":53}},"type":"default-arg","locations":[{"start":{"line":3,"column":47},"end":{"line":3,"column":53}}],"line":3},"1":{"loc":{"start":{"line":4,"column":12},"end":{"line":8,"column":13}},"type":"if","locations":[{"start":{"line":4,"column":12},"end":{"line":8,"column":13}},{"start":{},"end":{}}],"line":4},"2":{"loc":{"start":{"line":4,"column":16},"end":{"line":4,"column":31}},"type":"binary-expr","locations":[{"start":{"line":4,"column":16},"end":{"line":4,"column":21}},{"start":{"line":4,"column":25},"end":{"line":4,"column":31}}],"line":4},"3":{"loc":{"start":{"line":11,"column":12},"end":{"line":15,"column":13}},"type":"if","locations":[{"start":{"line":11,"column":12},"end":{"line":15,"column":13}},{"start":{},"end":{}}],"line":11},"4":{"loc":{"start":{"line":28,"column":12},"end":{"line":32,"column":13}},"type":"if","locations":[{"start":{"line":28,"column":12},"end":{"line":32,"column":13}},{"start":{},"end":{}}],"line":28},"5":{"loc":{"start":{"line":35,"column":12},"end":{"line":39,"column":13}},"type":"if","locations":[{"start":{"line":35,"column":12},"end":{"line":39,"column":13}},{"start":{},"end":{}}],"line":35},"6":{"loc":{"start":{"line":45,"column":12},"end":{"line":49,"column":13}},"type":"if","locations":[{"start":{"line":45,"column":12},"end":{"line":49,"column":13}},{"start":{},"end":{}}],"line":45},"7":{"loc":{"start":{"line":55,"column":16},"end":{"line":57,"column":17}},"type":"if","locations":[{"start":{"line":55,"column":16},"end":{"line":57,"column":17}},{"start":{},"end":{}}],"line":55},"8":{"loc":{"start":{"line":60,"column":12},"end":{"line":64,"column":13}},"type":"if","locations":[{"start":{"line":60,"column":12},"end":{"line":64,"column":13}},{"start":{},"end":{}}],"line":60},"9":{"loc":{"start":{"line":67,"column":12},"end":{"line":71,"column":13}},"type":"if","locations":[{"start":{"line":67,"column":12},"end":{"line":71,"column":13}},{"start":{},"end":{}}],"line":67},"10":{"loc":{"start":{"line":78,"column":12},"end":{"line":82,"column":13}},"type":"if","locations":[{"start":{"line":78,"column":12},"end":{"line":82,"column":13}},{"start":{},"end":{}}],"line":78},"11":{"loc":{"start":{"line":85,"column":12},"end":{"line":89,"column":13}},"type":"if","locations":[{"start":{"line":85,"column":12},"end":{"line":89,"column":13}},{"start":{},"end":{}}],"line":85},"12":{"loc":{"start":{"line":95,"column":24},"end":{"line":95,"column":59}},"type":"default-arg","locations":[{"start":{"line":95,"column":57},"end":{"line":95,"column":59}}],"line":95},"13":{"loc":{"start":{"line":95,"column":26},"end":{"line":95,"column":34}},"type":"default-arg","locations":[{"start":{"line":95,"column":33},"end":{"line":95,"column":34}}],"line":95},"14":{"loc":{"start":{"line":95,"column":36},"end":{"line":95,"column":46}},"type":"default-arg","locations":[{"start":{"line":95,"column":44},"end":{"line":95,"column":46}}],"line":95},"15":{"loc":{"start":{"line":99,"column":12},"end":{"line":101,"column":13}},"type":"if","locations":[{"start":{"line":99,"column":12},"end":{"line":101,"column":13}},{"start":{},"end":{}}],"line":99}},"s":{"0":17,"1":4,"2":2,"3":2,"4":2,"5":2,"6":2,"7":1,"8":1,"9":1,"10":1,"11":1,"12":3,"13":1,"14":1,"15":1,"16":2,"17":2,"18":1,"19":1,"20":1,"21":1,"22":5,"23":3,"24":3,"25":3,"26":2,"27":2,"28":2,"29":6,"30":2,"31":2,"32":0,"33":0,"34":0,"35":2,"36":2,"37":1,"38":1,"39":1,"40":1,"41":1,"42":3,"43":1,"44":1,"45":1,"46":2,"47":2,"48":1,"49":1,"50":1,"51":1,"52":1,"53":2,"54":2,"55":2,"56":0,"57":2,"58":2,"59":2,"60":1},"f":{"0":17,"1":4,"2":3,"3":5,"4":3,"5":2},"b":{"0":[4],"1":[2,2],"2":[4,3],"3":[1,1],"4":[1,2],"5":[1,1],"6":[3,2],"7":[2,4],"8":[0,2],"9":[1,1],"10":[1,2],"11":[1,1],"12":[0],"13":[0],"14":[0],"15":[0,2]},"_coverageSchema":"1a1c01bbd47fc00a2c39e90264f33305004495a9","hash":"7b51ce009ad3191f12adfdbc605c94a388eddd10"}
,"D:\\automation\\tests\\backend\\logic\\q1.js": {"path":"D:\\automation\\tests\\backend\\logic\\q1.js","statementMap":{"0":{"start":{"line":3,"column":19},"end":{"line":3,"column":20}},"1":{"start":{"line":4,"column":4},"end":{"line":4,"column":43}},"2":{"start":{"line":4,"column":28},"end":{"line":4,"column":41}},"3":{"start":{"line":5,"column":4},"end":{"line":5,"column":36}},"4":{"start":{"line":5,"column":21},"end":{"line":5,"column":34}},"5":{"start":{"line":6,"column":4},"end":{"line":6,"column":48}},"6":{"start":{"line":6,"column":31},"end":{"line":6,"column":46}},"7":{"start":{"line":8,"column":4},"end":{"line":8,"column":20}},"8":{"start":{"line":11,"column":0},"end":{"line":11,"column":29}}},"fnMap":{"0":{"name":"testing","decl":{"start":{"line":2,"column":9},"end":{"line":2,"column":16}},"loc":{"start":{"line":2,"column":47},"end":{"line":10,"column":1}},"line":2}},"branchMap":{"0":{"loc":{"start":{"line":4,"column":4},"end":{"line":4,"column":43}},"type":"if","locations":[{"start":{"line":4,"column":4},"end":{"line":4,"column":43}},{"start":{},"end":{}}],"line":4},"1":{"loc":{"start":{"line":5,"column":4},"end":{"line":5,"column":36}},"type":"if","locations":[{"start":{"line":5,"column":4},"end":{"line":5,"column":36}},{"start":{},"end":{}}],"line":5},"2":{"loc":{"start":{"line":6,"column":4},"end":{"line":6,"column":48}},"type":"if","locations":[{"start":{"line":6,"column":4},"end":{"line":6,"column":48}},{"start":{},"end":{}}],"line":6}},"s":{"0":9,"1":9,"2":3,"3":9,"4":3,"5":9,"6":2,"7":9,"8":1},"f":{"0":9},"b":{"0":[3,6],"1":[3,6],"2":[2,7]},"_coverageSchema":"1a1c01bbd47fc00a2c39e90264f33305004495a9","hash":"7d40986ceb070ee78218351e88e8a65a151e470c"}
,"D:\\automation\\tests\\backend\\logic\\q2.js": {"path":"D:\\automation\\tests\\backend\\logic\\q2.js","statementMap":{"0":{"start":{"line":4,"column":30},"end":{"line":4,"column":31}},"1":{"start":{"line":6,"column":22},"end":{"line":6,"column":27}},"2":{"start":{"line":8,"column":4},"end":{"line":10,"column":5}},"3":{"start":{"line":9,"column":8},"end":{"line":9,"column":32}},"4":{"start":{"line":12,"column":4},"end":{"line":14,"column":5}},"5":{"start":{"line":13,"column":8},"end":{"line":13,"column":27}},"6":{"start":{"line":16,"column":4},"end":{"line":16,"column":23}},"7":{"start":{"line":19,"column":0},"end":{"line":19,"column":28}}},"fnMap":{"0":{"name":"testing","decl":{"start":{"line":3,"column":9},"end":{"line":3,"column":16}},"loc":{"start":{"line":3,"column":42},"end":{"line":17,"column":1}},"line":3}},"branchMap":{"0":{"loc":{"start":{"line":8,"column":4},"end":{"line":10,"column":5}},"type":"if","locations":[{"start":{"line":8,"column":4},"end":{"line":10,"column":5}},{"start":{},"end":{}}],"line":8},"1":{"loc":{"start":{"line":12,"column":4},"end":{"line":14,"column":5}},"type":"if","locations":[{"start":{"line":12,"column":4},"end":{"line":14,"column":5}},{"start":{},"end":{}}],"line":12}},"s":{"0":8,"1":8,"2":8,"3":4,"4":8,"5":3,"6":8,"7":1},"f":{"0":8},"b":{"0":[4,4],"1":[3,5]},"_coverageSchema":"1a1c01bbd47fc00a2c39e90264f33305004495a9","hash":"a440add44b8a378b998e84f1835a69bee2ca060f"}
,"D:\\automation\\tests\\backend\\logic\\q3.js": {"path":"D:\\automation\\tests\\backend\\logic\\q3.js","statementMap":{"0":{"start":{"line":3,"column":4},"end":{"line":12,"column":5}},"1":{"start":{"line":4,"column":8},"end":{"line":4,"column":22}},"2":{"start":{"line":7,"column":9},"end":{"line":12,"column":5}},"3":{"start":{"line":8,"column":8},"end":{"line":8,"column":22}},"4":{"start":{"line":11,"column":8},"end":{"line":11,"column":21}},"5":{"start":{"line":13,"column":4},"end":{"line":13,"column":20}},"6":{"start":{"line":16,"column":0},"end":{"line":16,"column":28}}},"fnMap":{"0":{"name":"testing","decl":{"start":{"line":1,"column":9},"end":{"line":1,"column":16}},"loc":{"start":{"line":1,"column":25},"end":{"line":15,"column":1}},"line":1}},"branchMap":{"0":{"loc":{"start":{"line":3,"column":4},"end":{"line":12,"column":5}},"type":"if","locations":[{"start":{"line":3,"column":4},"end":{"line":12,"column":5}},{"start":{"line":7,"column":9},"end":{"line":12,"column":5}}],"line":3},"1":{"loc":{"start":{"line":7,"column":9},"end":{"line":12,"column":5}},"type":"if","locations":[{"start":{"line":7,"column":9},"end":{"line":12,"column":5}},{"start":{"line":10,"column":9},"end":{"line":12,"column":5}}],"line":7}},"s":{"0":8,"1":3,"2":5,"3":3,"4":2,"5":8,"6":1},"f":{"0":8},"b":{"0":[3,5],"1":[3,2]},"_coverageSchema":"1a1c01bbd47fc00a2c39e90264f33305004495a9","hash":"27852b69ad357aa3f28921dfff0c5e2c410077db"}
,"D:\\automation\\tests\\backend\\logic\\q4.js": {"path":"D:\\automation\\tests\\backend\\logic\\q4.js","statementMap":{"0":{"start":{"line":2,"column":16},"end":{"line":2,"column":17}},"1":{"start":{"line":3,"column":4},"end":{"line":6,"column":5}},"2":{"start":{"line":4,"column":8},"end":{"line":4,"column":22}},"3":{"start":{"line":7,"column":4},"end":{"line":9,"column":5}},"4":{"start":{"line":8,"column":8},"end":{"line":8,"column":22}},"5":{"start":{"line":11,"column":4},"end":{"line":11,"column":16}},"6":{"start":{"line":17,"column":0},"end":{"line":17,"column":28}}},"fnMap":{"0":{"name":"testing","decl":{"start":{"line":1,"column":9},"end":{"line":1,"column":16}},"loc":{"start":{"line":1,"column":37},"end":{"line":15,"column":1}},"line":1}},"branchMap":{"0":{"loc":{"start":{"line":3,"column":4},"end":{"line":6,"column":5}},"type":"if","locations":[{"start":{"line":3,"column":4},"end":{"line":6,"column":5}},{"start":{},"end":{}}],"line":3},"1":{"loc":{"start":{"line":7,"column":4},"end":{"line":9,"column":5}},"type":"if","locations":[{"start":{"line":7,"column":4},"end":{"line":9,"column":5}},{"start":{},"end":{}}],"line":7}},"s":{"0":11,"1":11,"2":4,"3":11,"4":3,"5":11,"6":1},"f":{"0":11},"b":{"0":[4,7],"1":[3,8]},"_coverageSchema":"1a1c01bbd47fc00a2c39e90264f33305004495a9","hash":"d98c533152fb3746e8e5a4ae2e70e52203b90074"}
,"D:\\automation\\tests\\backend\\logic\\q5.js": {"path":"D:\\automation\\tests\\backend\\logic\\q5.js","statementMap":{"0":{"start":{"line":2,"column":21},"end":{"line":2,"column":25}},"1":{"start":{"line":3,"column":21},"end":{"line":3,"column":23}},"2":{"start":{"line":5,"column":18},"end":{"line":5,"column":23}},"3":{"start":{"line":7,"column":4},"end":{"line":9,"column":5}},"4":{"start":{"line":8,"column":8},"end":{"line":8,"column":23}},"5":{"start":{"line":10,"column":4},"end":{"line":10,"column":18}},"6":{"start":{"line":13,"column":0},"end":{"line":13,"column":29}}},"fnMap":{"0":{"name":"testing","decl":{"start":{"line":1,"column":9},"end":{"line":1,"column":16}},"loc":{"start":{"line":1,"column":35},"end":{"line":11,"column":1}},"line":1}},"branchMap":{"0":{"loc":{"start":{"line":7,"column":4},"end":{"line":9,"column":5}},"type":"if","locations":[{"start":{"line":7,"column":4},"end":{"line":9,"column":5}},{"start":{},"end":{}}],"line":7},"1":{"loc":{"start":{"line":7,"column":8},"end":{"line":7,"column":54}},"type":"binary-expr","locations":[{"start":{"line":7,"column":8},"end":{"line":7,"column":26}},{"start":{"line":7,"column":30},"end":{"line":7,"column":54}}],"line":7}},"s":{"0":10,"1":10,"2":10,"3":10,"4":2,"5":10,"6":1},"f":{"0":10},"b":{"0":[2,8],"1":[10,4]},"_coverageSchema":"1a1c01bbd47fc00a2c39e90264f33305004495a9","hash":"518adc32920b9785a90ddb4979e451a1dae8a4df"}
,"D:\\automation\\tests\\backend\\logic\\q6.js": {"path":"D:\\automation\\tests\\backend\\logic\\q6.js","statementMap":{"0":{"start":{"line":2,"column":24},"end":{"line":2,"column":29}},"1":{"start":{"line":3,"column":4},"end":{"line":3,"column":40}},"2":{"start":{"line":3,"column":19},"end":{"line":3,"column":40}},"3":{"start":{"line":4,"column":4},"end":{"line":4,"column":40}},"4":{"start":{"line":4,"column":19},"end":{"line":4,"column":40}},"5":{"start":{"line":6,"column":4},"end":{"line":6,"column":24}},"6":{"start":{"line":10,"column":0},"end":{"line":10,"column":28}}},"fnMap":{"0":{"name":"testing","decl":{"start":{"line":1,"column":9},"end":{"line":1,"column":16}},"loc":{"start":{"line":1,"column":34},"end":{"line":8,"column":1}},"line":1}},"branchMap":{"0":{"loc":{"start":{"line":3,"column":4},"end":{"line":3,"column":40}},"type":"if","locations":[{"start":{"line":3,"column":4},"end":{"line":3,"column":40}},{"start":{},"end":{}}],"line":3},"1":{"loc":{"start":{"line":4,"column":4},"end":{"line":4,"column":40}},"type":"if","locations":[{"start":{"line":4,"column":4},"end":{"line":4,"column":40}},{"start":{},"end":{}}],"line":4}},"s":{"0":11,"1":11,"2":7,"3":11,"4":7,"5":11,"6":1},"f":{"0":11},"b":{"0":[7,4],"1":[7,4]},"_coverageSchema":"1a1c01bbd47fc00a2c39e90264f33305004495a9","hash":"e42fbc94beb67faaeff4090fe37f7940f9250440"}
,"D:\\automation\\tests\\backend\\logic\\q7.js": {"path":"D:\\automation\\tests\\backend\\logic\\q7.js","statementMap":{"0":{"start":{"line":5,"column":15},"end":{"line":5,"column":19}},"1":{"start":{"line":7,"column":4},"end":{"line":9,"column":5}},"2":{"start":{"line":8,"column":8},"end":{"line":8,"column":20}},"3":{"start":{"line":10,"column":4},"end":{"line":13,"column":5}},"4":{"start":{"line":12,"column":8},"end":{"line":12,"column":20}},"5":{"start":{"line":15,"column":4},"end":{"line":15,"column":15}},"6":{"start":{"line":20,"column":0},"end":{"line":20,"column":28}}},"fnMap":{"0":{"name":"testing","decl":{"start":{"line":3,"column":9},"end":{"line":3,"column":16}},"loc":{"start":{"line":3,"column":36},"end":{"line":18,"column":1}},"line":3}},"branchMap":{"0":{"loc":{"start":{"line":7,"column":4},"end":{"line":9,"column":5}},"type":"if","locations":[{"start":{"line":7,"column":4},"end":{"line":9,"column":5}},{"start":{},"end":{}}],"line":7},"1":{"loc":{"start":{"line":10,"column":4},"end":{"line":13,"column":5}},"type":"if","locations":[{"start":{"line":10,"column":4},"end":{"line":13,"column":5}},{"start":{},"end":{}}],"line":10}},"s":{"0":9,"1":9,"2":2,"3":9,"4":7,"5":9,"6":1},"f":{"0":9},"b":{"0":[2,7],"1":[7,2]},"_coverageSchema":"1a1c01bbd47fc00a2c39e90264f33305004495a9","hash":"4d68965fdaa4531a238ff01920403113654d22fb"}
}
