TN:
SF:tests\backend\cal.js
FN:1,calculateShippingCost
FNF:1
FNH:1
FNDA:12,calculateShippingCost
DA:3,12
DA:6,12
DA:9,11
DA:12,10
DA:13,7
DA:14,4
DA:15,2
DA:18,3
DA:19,3
DA:20,1
DA:25,3
DA:26,3
DA:28,3
DA:29,3
DA:32,3
DA:33,1
DA:36,3
DA:39,0
DA:40,0
DA:42,0
DA:43,0
DA:45,0
DA:46,0
DA:49,0
DA:52,1
LF:25
LH:18
BRDA:3,0,0,4
BRDA:3,0,1,8
BRDA:6,1,0,1
BRDA:6,1,1,11
BRDA:9,2,0,1
BRDA:9,2,1,10
BRDA:9,3,0,11
BRDA:9,3,1,8
BRDA:12,4,0,7
BRDA:12,4,1,3
BRDA:13,5,0,4
BRDA:13,5,1,3
BRDA:14,6,0,2
BRDA:14,6,1,2
BRDA:18,7,0,3
BRDA:18,7,1,0
BRDA:19,8,0,2
BRDA:19,8,1,1
BRDA:25,9,0,3
BRDA:25,9,1,0
BRDA:28,10,0,3
BRDA:28,10,1,0
BRDA:32,11,0,1
BRDA:32,11,1,2
BRDA:39,12,0,0
BRDA:39,12,1,0
BRDA:42,13,0,0
BRDA:42,13,1,0
BRDA:45,14,0,0
BRDA:45,14,1,0
BRF:30
BRH:21
end_of_record
TN:
SF:tests\backend\emailvalidation.js
FN:1,validateEmail
FN:40,extractDomain
FNF:2
FNH:2
FNDA:14,validateEmail
FNDA:5,extractDomain
DA:2,14
DA:4,14
DA:5,3
DA:8,11
DA:9,1
DA:12,10
DA:14,10
DA:15,0
DA:18,10
DA:19,1
DA:22,10
DA:23,10
DA:24,3
DA:27,10
DA:28,10
DA:29,10
DA:30,3
DA:33,10
DA:41,5
DA:42,2
DA:45,3
DA:46,3
DA:47,2
DA:50,1
DA:53,1
LF:25
LH:24
BRDA:4,0,0,3
BRDA:4,0,1,11
BRDA:8,1,0,1
BRDA:8,1,1,10
BRDA:14,2,0,0
BRDA:14,2,1,10
BRDA:18,3,0,1
BRDA:18,3,1,9
BRDA:23,4,0,3
BRDA:23,4,1,7
BRDA:29,5,0,3
BRDA:29,5,1,7
BRDA:41,6,0,2
BRDA:41,6,1,3
BRDA:41,7,0,5
BRDA:41,7,1,3
BRDA:46,8,0,2
BRDA:46,8,1,1
BRF:18
BRH:17
end_of_record
TN:
SF:tests\backend\passwordvalidator.js
FN:1,validatePassword
FN:39,checkPasswordStrength
FNF:2
FNH:2
FNDA:11,validatePassword
FNDA:5,checkPasswordStrength
DA:2,11
DA:4,11
DA:5,3
DA:6,3
DA:9,8
DA:10,3
DA:13,8
DA:14,1
DA:17,8
DA:18,3
DA:21,8
DA:22,2
DA:25,8
DA:26,2
DA:29,8
DA:30,4
DA:33,8
DA:40,5
DA:42,5
DA:44,4
DA:45,4
DA:46,4
DA:47,4
DA:48,4
DA:49,4
DA:50,4
DA:53,4
DA:54,3
DA:55,2
DA:56,1
DA:58,4
DA:61,1
LF:32
LH:32
BRDA:4,0,0,3
BRDA:4,0,1,8
BRDA:9,1,0,3
BRDA:9,1,1,5
BRDA:13,2,0,1
BRDA:13,2,1,7
BRDA:17,3,0,3
BRDA:17,3,1,5
BRDA:21,4,0,2
BRDA:21,4,1,6
BRDA:25,5,0,2
BRDA:25,5,1,6
BRDA:29,6,0,4
BRDA:29,6,1,4
BRDA:42,7,0,1
BRDA:42,7,1,4
BRDA:44,8,0,3
BRDA:44,8,1,1
BRDA:45,9,0,2
BRDA:45,9,1,2
BRDA:46,10,0,1
BRDA:46,10,1,3
BRDA:47,11,0,3
BRDA:47,11,1,1
BRDA:48,12,0,4
BRDA:48,12,1,0
BRDA:49,13,0,2
BRDA:49,13,1,2
BRDA:50,14,0,2
BRDA:50,14,1,2
BRDA:53,15,0,1
BRDA:53,15,1,3
BRDA:54,16,0,1
BRDA:54,16,1,2
BRDA:55,17,0,1
BRDA:55,17,1,1
BRF:36
BRH:35
end_of_record
TN:
SF:tests\backend\ratelimiter.js
FN:1,makeRateLimiter
FN:5,(anonymous_1)
FN:29,(anonymous_2)
FN:40,(anonymous_3)
FN:44,(anonymous_4)
FN:48,(anonymous_5)
FNF:6
FNH:6
FNDA:7,makeRateLimiter
FNDA:6,(anonymous_1)
FNDA:17,(anonymous_2)
FNDA:1,(anonymous_3)
FNDA:1,(anonymous_4)
FNDA:5,(anonymous_5)
DA:2,7
DA:4,7
DA:6,6
DA:7,6
DA:9,6
DA:10,2
DA:14,4
DA:15,1
DA:16,1
DA:19,3
DA:20,2
DA:23,2
DA:26,1
DA:30,17
DA:31,17
DA:33,17
DA:34,9
DA:36,8
DA:41,1
DA:45,1
DA:49,5
DA:50,5
DA:55,1
LF:23
LH:23
BRDA:1,0,0,0
BRDA:1,1,0,0
BRDA:9,2,0,2
BRDA:9,2,1,4
BRDA:14,3,0,1
BRDA:14,3,1,3
BRDA:19,4,0,2
BRDA:19,4,1,1
BRDA:33,5,0,9
BRDA:33,5,1,8
BRDA:33,6,0,17
BRDA:33,6,1,8
BRDA:50,7,0,1
BRDA:50,7,1,4
BRF:14
BRH:12
end_of_record
TN:
SF:tests\backend\sessionservice.js
FN:1,makeSessionService
FN:3,(anonymous_1)
FN:24,(anonymous_2)
FN:42,(anonymous_3)
FN:51,(anonymous_4)
FN:65,(anonymous_5)
FN:74,(anonymous_6)
FNF:7
FNH:4
FNDA:11,makeSessionService
FNDA:3,(anonymous_1)
FNDA:5,(anonymous_2)
FNDA:2,(anonymous_3)
FNDA:0,(anonymous_4)
FNDA:0,(anonymous_5)
FNDA:0,(anonymous_6)
DA:2,11
DA:4,3
DA:5,1
DA:8,2
DA:9,2
DA:11,2
DA:21,2
DA:25,5
DA:26,1
DA:29,4
DA:31,4
DA:32,1
DA:35,3
DA:36,2
DA:39,1
DA:43,2
DA:44,1
DA:47,1
DA:48,1
DA:52,0
DA:53,0
DA:56,0
DA:58,0
DA:59,0
DA:62,0
DA:66,0
DA:67,0
DA:70,0
DA:71,0
DA:73,0
DA:74,0
DA:80,1
LF:32
LH:20
BRDA:4,0,0,1
BRDA:4,0,1,2
BRDA:14,1,0,2
BRDA:14,1,1,1
BRDA:15,2,0,2
BRDA:15,2,1,1
BRDA:25,3,0,1
BRDA:25,3,1,4
BRDA:31,4,0,1
BRDA:31,4,1,3
BRDA:35,5,0,2
BRDA:35,5,1,1
BRDA:35,6,0,3
BRDA:35,6,1,2
BRDA:43,7,0,1
BRDA:43,7,1,1
BRDA:52,8,0,0
BRDA:52,8,1,0
BRDA:66,9,0,0
BRDA:66,9,1,0
BRDA:74,10,0,0
BRDA:74,10,1,0
BRF:22
BRH:16
end_of_record
TN:
SF:tests\backend\tokenservice.js
FN:4,makeTokenService
FN:6,(anonymous_1)
FN:15,(anonymous_2)
FN:19,(anonymous_3)
FN:40,(anonymous_4)
FN:51,(anonymous_5)
FN:58,(anonymous_6)
FNF:7
FNH:7
FNDA:13,makeTokenService
FNDA:2,(anonymous_1)
FNDA:1,(anonymous_2)
FNDA:5,(anonymous_3)
FNDA:5,(anonymous_4)
FNDA:2,(anonymous_5)
FNDA:2,(anonymous_6)
DA:1,1
DA:2,1
DA:5,13
DA:7,2
DA:8,0
DA:11,2
DA:16,1
DA:20,5
DA:21,1
DA:22,1
DA:23,1
DA:26,4
DA:27,4
DA:28,1
DA:30,3
DA:31,1
DA:33,2
DA:34,1
DA:36,1
DA:41,5
DA:43,4
DA:45,4
DA:47,1
DA:52,2
DA:53,2
DA:55,2
DA:59,2
DA:60,2
DA:62,2
DA:67,1
LF:30
LH:29
BRDA:4,0,0,0
BRDA:7,1,0,0
BRDA:7,1,1,2
BRDA:7,2,0,2
BRDA:7,2,1,2
BRDA:20,3,0,1
BRDA:20,3,1,4
BRDA:30,4,0,1
BRDA:30,4,1,2
BRDA:33,5,0,1
BRDA:33,5,1,1
BRDA:41,6,0,1
BRDA:41,6,1,4
BRDA:53,7,0,0
BRDA:53,7,1,2
BRDA:53,8,0,2
BRDA:53,8,1,2
BRDA:60,9,0,0
BRDA:60,9,1,2
BRF:19
BRH:15
end_of_record
TN:
SF:tests\backend\userservice.js
FN:1,makeUserService
FN:3,(anonymous_1)
FN:27,(anonymous_2)
FN:44,(anonymous_3)
FN:77,(anonymous_4)
FN:95,(anonymous_5)
FNF:6
FNH:6
FNDA:17,makeUserService
FNDA:4,(anonymous_1)
FNDA:3,(anonymous_2)
FNDA:5,(anonymous_3)
FNDA:3,(anonymous_4)
FNDA:2,(anonymous_5)
DA:2,17
DA:4,4
DA:5,2
DA:6,2
DA:7,2
DA:10,2
DA:11,2
DA:12,1
DA:13,1
DA:14,1
DA:17,1
DA:24,1
DA:28,3
DA:29,1
DA:30,1
DA:31,1
DA:34,2
DA:35,2
DA:36,1
DA:37,1
DA:38,1
DA:41,1
DA:45,5
DA:46,3
DA:47,3
DA:48,3
DA:51,2
DA:52,2
DA:54,2
DA:55,6
DA:56,2
DA:60,2
DA:61,0
DA:62,0
DA:63,0
DA:66,2
DA:67,2
DA:68,1
DA:69,1
DA:70,1
DA:73,1
DA:74,1
DA:78,3
DA:79,1
DA:80,1
DA:81,1
DA:84,2
DA:85,2
DA:86,1
DA:87,1
DA:88,1
DA:91,1
DA:92,1
DA:96,2
DA:98,2
DA:99,2
DA:100,0
DA:103,2
DA:104,2
DA:106,2
DA:119,1
LF:61
LH:57
BRDA:3,0,0,4
BRDA:4,1,0,2
BRDA:4,1,1,2
BRDA:4,2,0,4
BRDA:4,2,1,3
BRDA:11,3,0,1
BRDA:11,3,1,1
BRDA:28,4,0,1
BRDA:28,4,1,2
BRDA:35,5,0,1
BRDA:35,5,1,1
BRDA:45,6,0,3
BRDA:45,6,1,2
BRDA:55,7,0,2
BRDA:55,7,1,4
BRDA:60,8,0,0
BRDA:60,8,1,2
BRDA:67,9,0,1
BRDA:67,9,1,1
BRDA:78,10,0,1
BRDA:78,10,1,2
BRDA:85,11,0,1
BRDA:85,11,1,1
BRDA:95,12,0,0
BRDA:95,13,0,0
BRDA:95,14,0,0
BRDA:99,15,0,0
BRDA:99,15,1,2
BRF:28
BRH:23
end_of_record
TN:
SF:tests\backend\logic\q1.js
FN:2,testing
FNF:1
FNH:1
FNDA:9,testing
DA:3,9
DA:4,9
DA:5,9
DA:6,9
DA:8,9
DA:11,1
LF:6
LH:6
BRDA:4,0,0,3
BRDA:4,0,1,6
BRDA:5,1,0,3
BRDA:5,1,1,6
BRDA:6,2,0,2
BRDA:6,2,1,7
BRF:6
BRH:6
end_of_record
TN:
SF:tests\backend\logic\q2.js
FN:3,testing
FNF:1
FNH:1
FNDA:8,testing
DA:4,8
DA:6,8
DA:8,8
DA:9,4
DA:12,8
DA:13,3
DA:16,8
DA:19,1
LF:8
LH:8
BRDA:8,0,0,4
BRDA:8,0,1,4
BRDA:12,1,0,3
BRDA:12,1,1,5
BRF:4
BRH:4
end_of_record
TN:
SF:tests\backend\logic\q3.js
FN:1,testing
FNF:1
FNH:1
FNDA:8,testing
DA:3,8
DA:4,3
DA:7,5
DA:8,3
DA:11,2
DA:13,8
DA:16,1
LF:7
LH:7
BRDA:3,0,0,3
BRDA:3,0,1,5
BRDA:7,1,0,3
BRDA:7,1,1,2
BRF:4
BRH:4
end_of_record
TN:
SF:tests\backend\logic\q4.js
FN:1,testing
FNF:1
FNH:1
FNDA:11,testing
DA:2,11
DA:3,11
DA:4,4
DA:7,11
DA:8,3
DA:11,11
DA:17,1
LF:7
LH:7
BRDA:3,0,0,4
BRDA:3,0,1,7
BRDA:7,1,0,3
BRDA:7,1,1,8
BRF:4
BRH:4
end_of_record
TN:
SF:tests\backend\logic\q5.js
FN:1,testing
FNF:1
FNH:1
FNDA:10,testing
DA:2,10
DA:3,10
DA:5,10
DA:7,10
DA:8,2
DA:10,10
DA:13,1
LF:7
LH:7
BRDA:7,0,0,2
BRDA:7,0,1,8
BRDA:7,1,0,10
BRDA:7,1,1,4
BRF:4
BRH:4
end_of_record
TN:
SF:tests\backend\logic\q6.js
FN:1,testing
FNF:1
FNH:1
FNDA:11,testing
DA:2,11
DA:3,11
DA:4,11
DA:6,11
DA:10,1
LF:5
LH:5
BRDA:3,0,0,7
BRDA:3,0,1,4
BRDA:4,1,0,7
BRDA:4,1,1,4
BRF:4
BRH:4
end_of_record
TN:
SF:tests\backend\logic\q7.js
FN:3,testing
FNF:1
FNH:1
FNDA:9,testing
DA:5,9
DA:7,9
DA:8,2
DA:10,9
DA:12,7
DA:15,9
DA:20,1
LF:7
LH:7
BRDA:7,0,0,2
BRDA:7,0,1,7
BRDA:10,1,0,7
BRDA:10,1,1,2
BRF:4
BRH:4
end_of_record
